TN:
SF:src/app.ts
FN:26,(anonymous_1)
FN:37,init
FN:42,close
FNF:3
FNH:1
FNDA:0,(anonymous_1)
FNDA:1,init
FNDA:0,close
DA:1,1
DA:2,1
DA:3,1
DA:4,1
DA:6,1
DA:8,1
DA:10,1
DA:11,1
DA:22,1
DA:23,1
DA:26,0
DA:37,1
DA:38,1
DA:39,1
DA:42,1
DA:43,0
DA:46,1
LF:17
LH:15
BRF:0
BRH:0
end_of_record
TN:
SF:src/config/database.ts
FN:4,connectDb
FN:8,disconnectDB
FNF:2
FNH:1
FNDA:1,connectDb
FNDA:0,disconnectDB
DA:1,1
DA:4,1
DA:5,1
DA:8,1
DA:9,0
LF:5
LH:4
BRF:0
BRH:0
end_of_record
TN:
SF:src/config/envs.ts
FN:4,loadEnv
FNF:1
FNH:1
FNDA:2,loadEnv
DA:1,1
DA:2,1
DA:4,1
DA:6,2
DA:12,2
DA:13,2
LF:6
LH:6
BRDA:6,0,0,2
BRDA:6,0,1,0
BRDA:8,1,0,0
BRDA:8,1,1,0
BRF:4
BRH:1
end_of_record
TN:
SF:src/config/index.ts
FNF:0
FNH:0
DA:1,1
DA:2,1
LF:2
LH:2
BRF:0
BRH:0
end_of_record
TN:
SF:src/controllers/authentication-controller.ts
FN:4,singInPost
FNF:1
FNH:0
FNDA:0,singInPost
DA:1,1
DA:3,1
DA:4,1
DA:5,0
DA:7,0
DA:8,0
DA:10,0
DA:12,0
LF:8
LH:3
BRF:0
BRH:0
end_of_record
TN:
SF:src/controllers/booking-controller.ts
FN:6,showBooking
FN:21,postBooking
FN:47,updateBooking
FNF:3
FNH:3
FNDA:3,showBooking
FNDA:8,postBooking
FNDA:6,updateBooking
DA:2,1
DA:4,1
DA:6,1
DA:7,3
DA:9,3
DA:10,3
DA:11,1
DA:13,2
DA:14,2
DA:16,0
DA:17,0
DA:21,1
DA:22,8
DA:23,8
DA:25,8
DA:26,7
DA:27,7
DA:29,1
DA:32,6
DA:33,3
DA:35,3
DA:36,1
DA:38,2
DA:39,2
DA:41,0
DA:42,0
DA:47,1
DA:48,6
DA:49,6
DA:50,6
DA:52,6
DA:53,6
DA:54,0
DA:56,6
DA:58,1
DA:59,1
LF:36
LH:31
BRDA:13,0,0,2
BRDA:25,1,0,1
BRDA:32,2,0,3
BRDA:35,3,0,1
BRDA:38,4,0,2
BRDA:41,5,0,0
BRDA:56,6,0,5
BRDA:58,7,0,0
BRF:8
BRH:6
end_of_record
TN:
SF:src/controllers/enrollments-controller.ts
FN:6,getEnrollmentByUser
FN:18,postCreateOrUpdateEnrollment
FN:31,getAddressFromCEP
FNF:3
FNH:0
FNDA:0,getEnrollmentByUser
FNDA:0,postCreateOrUpdateEnrollment
FNDA:0,getAddressFromCEP
DA:2,1
DA:4,1
DA:6,1
DA:7,0
DA:9,0
DA:10,0
DA:12,0
DA:14,0
DA:18,1
DA:19,0
DA:20,0
DA:25,0
DA:27,0
DA:31,1
DA:32,0
DA:34,0
DA:35,0
DA:36,0
DA:38,0
DA:39,0
LF:20
LH:5
BRDA:38,0,0,0
BRF:1
BRH:0
end_of_record
TN:
SF:src/controllers/events-controller.ts
FN:5,getDefaultEvent
FNF:1
FNH:0
FNDA:0,getDefaultEvent
DA:1,1
DA:3,1
DA:5,1
DA:6,0
DA:7,0
DA:8,0
DA:10,0
LF:7
LH:3
BRF:0
BRH:0
end_of_record
TN:
SF:src/controllers/hotels-controller.ts
FN:6,showHotel
FN:25,showHotelId
FNF:2
FNH:0
FNDA:0,showHotel
FNDA:0,showHotelId
DA:2,1
DA:4,1
DA:6,1
DA:7,0
DA:9,0
DA:10,0
DA:11,0
DA:13,0
DA:14,0
DA:16,0
DA:17,0
DA:19,0
DA:20,0
DA:25,1
DA:26,0
DA:27,0
DA:29,0
DA:30,0
DA:31,0
DA:33,0
DA:34,0
DA:36,0
DA:37,0
DA:39,0
DA:40,0
LF:25
LH:4
BRDA:13,0,0,0
BRDA:16,1,0,0
BRDA:19,2,0,0
BRDA:33,3,0,0
BRDA:36,4,0,0
BRDA:39,5,0,0
BRF:6
BRH:0
end_of_record
TN:
SF:src/controllers/index.ts
FNF:0
FNH:0
DA:1,1
DA:2,1
DA:3,1
DA:4,1
DA:5,1
DA:6,1
DA:7,1
DA:8,1
LF:8
LH:8
BRF:0
BRH:0
end_of_record
TN:
SF:src/controllers/payments-controller.ts
FN:6,getPaymentByTicketId
FN:28,paymentProcess
FNF:2
FNH:0
FNDA:0,getPaymentByTicketId
FNDA:0,paymentProcess
DA:2,1
DA:4,1
DA:6,1
DA:7,0
DA:8,0
DA:9,0
DA:11,0
DA:12,0
DA:14,0
DA:16,0
DA:17,0
DA:19,0
DA:21,0
DA:22,0
DA:24,0
DA:28,1
DA:29,0
DA:30,0
DA:34,0
DA:36,0
DA:37,0
DA:39,0
DA:41,0
DA:42,0
DA:45,0
DA:47,0
DA:48,0
DA:50,0
LF:28
LH:4
BRDA:11,0,0,0
BRDA:16,1,0,0
BRDA:21,2,0,0
BRDA:36,3,0,0
BRDA:36,4,0,0
BRDA:36,4,1,0
BRDA:41,5,0,0
BRDA:47,6,0,0
BRF:8
BRH:0
end_of_record
TN:
SF:src/controllers/tickets-controller.ts
FN:6,getTicketTypes
FN:16,getTickets
FN:28,createTicket
FNF:3
FNH:0
FNDA:0,getTicketTypes
FNDA:0,getTickets
FNDA:0,createTicket
DA:2,1
DA:4,1
DA:6,1
DA:7,0
DA:8,0
DA:10,0
DA:12,0
DA:16,1
DA:17,0
DA:19,0
DA:20,0
DA:22,0
DA:24,0
DA:28,1
DA:29,0
DA:32,0
DA:34,0
DA:35,0
DA:38,0
DA:39,0
DA:41,0
DA:43,0
LF:22
LH:5
BRDA:34,0,0,0
BRF:1
BRH:0
end_of_record
TN:
SF:src/controllers/users-controller.ts
FN:5,usersPost
FNF:1
FNH:0
FNDA:0,usersPost
DA:1,1
DA:3,1
DA:5,1
DA:6,0
DA:8,0
DA:9,0
DA:10,0
DA:15,0
DA:16,0
DA:18,0
LF:10
LH:3
BRDA:15,0,0,0
BRF:1
BRH:0
end_of_record
TN:
SF:src/errors/cannot-enroll-before-start-date-error.ts
FN:3,cannotEnrollBeforeStartDateError
FNF:1
FNH:0
FNDA:0,cannotEnrollBeforeStartDateError
DA:3,1
DA:4,0
LF:2
LH:1
BRF:0
BRH:0
end_of_record
TN:
SF:src/errors/conflict-error.ts
FN:3,conflictError
FNF:1
FNH:0
FNDA:0,conflictError
DA:3,1
DA:4,0
LF:2
LH:1
BRF:0
BRH:0
end_of_record
TN:
SF:src/errors/forbidden-error.ts
FN:3,forbidden
FNF:1
FNH:0
FNDA:0,forbidden
DA:3,1
DA:4,0
LF:2
LH:1
BRF:0
BRH:0
end_of_record
TN:
SF:src/errors/index.ts
FNF:0
FNH:0
DA:1,1
DA:2,1
DA:3,1
DA:4,1
DA:5,1
DA:6,1
DA:7,1
DA:8,1
DA:9,1
LF:9
LH:9
BRF:0
BRH:0
end_of_record
TN:
SF:src/errors/invalid-data-error.ts
FN:3,invalidDataError
FNF:1
FNH:0
FNDA:0,invalidDataError
DA:3,1
DA:4,0
LF:2
LH:1
BRF:0
BRH:0
end_of_record
TN:
SF:src/errors/invalid-email-error.ts
FN:3,invalidEmailError
FNF:1
FNH:0
FNDA:0,invalidEmailError
DA:3,1
DA:4,0
LF:2
LH:1
BRF:0
BRH:0
end_of_record
TN:
SF:src/errors/not-found-error.ts
FN:3,notFoundError
FNF:1
FNH:1
FNDA:10,notFoundError
DA:3,1
DA:4,10
LF:2
LH:2
BRF:0
BRH:0
end_of_record
TN:
SF:src/errors/payment-required-error.ts
FN:3,paymentRequiredError
FNF:1
FNH:1
FNDA:1,paymentRequiredError
DA:3,1
DA:4,1
LF:2
LH:2
BRF:0
BRH:0
end_of_record
TN:
SF:src/errors/request-error.ts
FN:3,requestError
FNF:1
FNH:0
FNDA:0,requestError
DA:3,1
DA:4,0
LF:2
LH:1
BRF:0
BRH:0
end_of_record
TN:
SF:src/errors/unauthorized-error.ts
FN:3,unauthorizedError
FNF:1
FNH:1
FNDA:11,unauthorizedError
DA:3,1
DA:4,11
LF:2
LH:2
BRF:0
BRH:0
end_of_record
TN:
SF:src/middlewares/authentication-middleware.ts
FN:8,authenticateToken
FN:33,generateUnauthorizedResponse
FNF:2
FNH:2
FNDA:26,authenticateToken
FNDA:9,generateUnauthorizedResponse
DA:2,1
DA:3,1
DA:5,1
DA:6,1
DA:8,1
DA:9,26
DA:10,26
DA:12,23
DA:13,23
DA:15,23
DA:16,23
DA:18,20
DA:23,20
DA:25,17
DA:27,17
DA:29,3
DA:34,9
LF:17
LH:17
BRDA:10,0,0,3
BRDA:13,1,0,0
BRDA:23,2,0,3
BRF:3
BRH:2
end_of_record
TN:
SF:src/middlewares/error-handling-middleware.ts
FN:5,handleApplicationErrors
FNF:1
FNH:0
FNDA:0,handleApplicationErrors
DA:3,1
DA:5,1
DA:6,0
DA:7,0
DA:12,0
DA:13,0
DA:18,0
DA:19,0
DA:24,0
DA:25,0
DA:30,0
DA:31,0
DA:37,0
DA:38,0
LF:14
LH:2
BRDA:6,0,0,0
BRDA:12,1,0,0
BRDA:12,2,0,0
BRDA:12,2,1,0
BRDA:18,3,0,0
BRDA:24,4,0,0
BRDA:30,5,0,0
BRF:7
BRH:0
end_of_record
TN:
SF:src/middlewares/index.ts
FNF:0
FNH:0
DA:1,1
DA:2,1
DA:3,1
LF:3
LH:3
BRF:0
BRH:0
end_of_record
TN:
SF:src/middlewares/validation-middleware.ts
FN:6,validateBody
FN:10,validateParams
FN:14,validate
FN:15,(anonymous_4)
FN:23,(anonymous_5)
FNF:5
FNH:2
FNDA:3,validateBody
FNDA:0,validateParams
FNDA:3,validate
FNDA:0,(anonymous_4)
FNDA:0,(anonymous_5)
DA:1,1
DA:3,1
DA:6,1
DA:7,3
DA:10,1
DA:11,0
DA:15,3
DA:16,0
DA:20,0
DA:21,0
DA:23,0
LF:11
LH:6
BRDA:20,0,0,0
BRDA:20,0,1,0
BRF:2
BRH:0
end_of_record
TN:
SF:src/repositories/address-repository/index.ts
FN:4,upsert
FNF:1
FNH:0
FNDA:0,upsert
DA:1,1
DA:5,0
DA:20,1
DA:24,1
LF:4
LH:3
BRF:0
BRH:0
end_of_record
TN:
SF:src/repositories/booking-repository/index.ts
FN:5,showBooking
FN:18,postBooking
FN:27,countBook
FN:35,bookUpdate
FNF:4
FNH:2
FNDA:22,showBooking
FNDA:0,postBooking
FNDA:1,countBook
FNDA:0,bookUpdate
DA:1,1
DA:6,22
DA:19,0
DA:28,1
DA:36,0
DA:47,1
DA:54,1
LF:7
LH:5
BRF:0
BRH:0
end_of_record
TN:
SF:src/repositories/enrollment-repository/index.ts
FN:4,findWithAddressByUserId
FN:13,findById
FN:19,upsert
FNF:3
FNH:1
FNDA:7,findWithAddressByUserId
FNDA:0,findById
FNDA:0,upsert
DA:1,1
DA:5,7
DA:14,0
DA:24,0
DA:36,1
DA:42,1
LF:6
LH:4
BRF:0
BRH:0
end_of_record
TN:
SF:src/repositories/event-repository/index.ts
FN:3,findFirst
FNF:1
FNH:0
FNDA:0,findFirst
DA:1,1
DA:4,0
DA:7,1
DA:11,1
LF:4
LH:3
BRF:0
BRH:0
end_of_record
TN:
SF:src/repositories/hotel-repository/index.ts
FN:4,showHotel
FN:8,showTicket
FN:19,enrollmaintId
FN:29,showPayment
FN:33,getHotelByHotelId
FNF:5
FNH:1
FNDA:0,showHotel
FNDA:0,showTicket
FNDA:0,enrollmaintId
FNDA:0,showPayment
FNDA:6,getHotelByHotelId
DA:1,1
DA:2,1
DA:5,0
DA:9,0
DA:20,0
DA:30,0
DA:34,6
DA:44,1
DA:52,1
LF:9
LH:5
BRF:0
BRH:0
end_of_record
TN:
SF:src/repositories/payment-repository/index.ts
FN:4,findPaymentByTicketId
FN:12,createPayment
FNF:2
FNH:0
FNDA:0,findPaymentByTicketId
FNDA:0,createPayment
DA:1,1
DA:5,0
DA:13,0
DA:23,1
DA:28,1
LF:5
LH:3
BRF:0
BRH:0
end_of_record
TN:
SF:src/repositories/session-repository/index.ts
FN:4,create
FNF:1
FNH:0
FNDA:0,create
DA:1,1
DA:5,0
DA:10,1
DA:14,1
LF:4
LH:3
BRF:0
BRH:0
end_of_record
TN:
SF:src/repositories/ticket-repository/index.ts
FN:4,findTicketTypes
FN:8,findTickeyById
FN:18,findTickeWithTypeById
FN:29,findTicketByEnrollmentId
FN:40,createTicket
FN:48,ticketProcessPayment
FNF:6
FNH:1
FNDA:0,findTicketTypes
FNDA:0,findTickeyById
FNDA:0,findTickeWithTypeById
FNDA:6,findTicketByEnrollmentId
FNDA:0,createTicket
FNDA:0,ticketProcessPayment
DA:1,1
DA:2,1
DA:5,0
DA:9,0
DA:19,0
DA:30,6
DA:41,0
DA:49,0
DA:61,1
DA:70,1
LF:10
LH:5
BRF:0
BRH:0
end_of_record
TN:
SF:src/repositories/user-repository/index.ts
FN:4,findByEmail
FN:18,create
FNF:2
FNH:0
FNDA:0,findByEmail
FNDA:0,create
DA:1,1
DA:5,0
DA:11,0
DA:12,0
DA:15,0
DA:19,0
DA:24,1
DA:29,1
LF:8
LH:3
BRDA:11,0,0,0
BRF:1
BRH:0
end_of_record
TN:
SF:src/routers/authentication-router.ts
FNF:0
FNH:0
DA:1,1
DA:2,1
DA:3,1
DA:4,1
DA:6,1
DA:8,1
DA:10,1
LF:7
LH:7
BRF:0
BRH:0
end_of_record
TN:
SF:src/routers/booking-router.ts
FNF:0
FNH:0
DA:1,1
DA:2,1
DA:3,1
DA:5,1
DA:7,1
DA:13,1
LF:6
LH:6
BRF:0
BRH:0
end_of_record
TN:
SF:src/routers/enrollments-router.ts
FNF:0
FNH:0
DA:1,1
DA:2,1
DA:3,1
DA:4,1
DA:6,1
DA:8,1
DA:14,1
LF:7
LH:7
BRF:0
BRH:0
end_of_record
TN:
SF:src/routers/events-router.ts
FNF:0
FNH:0
DA:1,1
DA:2,1
DA:4,1
DA:6,1
DA:8,1
LF:5
LH:5
BRF:0
BRH:0
end_of_record
TN:
SF:src/routers/hotel-router.ts
FNF:0
FNH:0
DA:1,1
DA:2,1
DA:3,1
DA:5,1
DA:7,1
DA:12,1
LF:6
LH:6
BRF:0
BRH:0
end_of_record
TN:
SF:src/routers/index.ts
FNF:0
FNH:0
DA:1,1
DA:2,1
DA:3,1
DA:4,1
DA:5,1
DA:6,1
DA:7,1
DA:8,1
LF:8
LH:8
BRF:0
BRH:0
end_of_record
TN:
SF:src/routers/payments-router.ts
FNF:0
FNH:0
DA:1,1
DA:2,1
DA:3,1
DA:5,1
DA:7,1
DA:12,1
LF:6
LH:6
BRF:0
BRH:0
end_of_record
TN:
SF:src/routers/tickets-router.ts
FNF:0
FNH:0
DA:1,1
DA:2,1
DA:3,1
DA:5,1
DA:7,1
DA:13,1
LF:6
LH:6
BRF:0
BRH:0
end_of_record
TN:
SF:src/routers/users-router.ts
FNF:0
FNH:0
DA:1,1
DA:3,1
DA:4,1
DA:5,1
DA:7,1
DA:9,1
DA:11,1
LF:7
LH:7
BRF:0
BRH:0
end_of_record
TN:
SF:src/schemas/authentication-schemas.ts
FNF:0
FNH:0
DA:2,1
DA:4,1
LF:2
LH:2
BRF:0
BRH:0
end_of_record
TN:
SF:src/schemas/enrollments-schemas.ts
FN:23,(anonymous_1)
FN:30,joiCpfValidation
FN:40,JoiCepValidation
FN:50,joiMobilePhoneValidation
FNF:4
FNH:1
FNDA:27,(anonymous_1)
FNDA:0,joiCpfValidation
FNDA:0,JoiCepValidation
FNDA:0,joiMobilePhoneValidation
DA:2,1
DA:3,1
DA:5,1
DA:7,1
DA:9,1
DA:11,1
DA:23,27
DA:31,0
DA:33,0
DA:34,0
DA:37,0
DA:41,0
DA:43,0
DA:44,0
DA:47,0
DA:51,0
DA:53,0
DA:54,0
DA:57,0
LF:19
LH:7
BRDA:31,0,0,0
BRDA:33,1,0,0
BRDA:41,2,0,0
BRDA:43,3,0,0
BRDA:51,4,0,0
BRDA:53,5,0,0
BRF:6
BRH:0
end_of_record
TN:
SF:src/schemas/index.ts
FNF:0
FNH:0
DA:1,1
DA:2,1
DA:3,1
LF:3
LH:3
BRF:0
BRH:0
end_of_record
TN:
SF:src/schemas/users-schemas.ts
FNF:0
FNH:0
DA:2,1
DA:4,1
LF:2
LH:2
BRF:0
BRH:0
end_of_record
TN:
SF:src/services/authentication-service/errors.ts
FN:3,invalidCredentialsError
FNF:1
FNH:0
FNDA:0,invalidCredentialsError
DA:3,1
DA:4,0
LF:2
LH:1
BRF:0
BRH:0
end_of_record
TN:
SF:src/services/authentication-service/index.ts
FN:9,signIn
FN:24,getUserOrFail
FN:31,createSession
FN:41,validatePasswordOrFail
FNF:4
FNH:0
FNDA:0,signIn
FNDA:0,getUserOrFail
FNDA:0,createSession
FNDA:0,validatePasswordOrFail
DA:1,1
DA:2,1
DA:3,1
DA:5,1
DA:6,1
DA:7,1
DA:10,0
DA:12,0
DA:14,0
DA:16,0
DA:18,0
DA:25,0
DA:26,0
DA:28,0
DA:32,0
DA:33,0
DA:38,0
DA:42,0
DA:43,0
DA:55,1
DA:59,1
DA:60,1
LF:22
LH:9
BRDA:26,0,0,0
BRDA:43,1,0,0
BRF:2
BRH:0
end_of_record
TN:
SF:src/services/booking-service/index.ts
FN:8,getBooking
FN:19,createBooking
FN:45,updateBooking
FNF:3
FNH:3
FNDA:3,getBooking
FNDA:7,createBooking
FNDA:6,updateBooking
DA:1,1
DA:2,1
DA:3,1
DA:4,1
DA:5,1
DA:6,1
DA:9,3
DA:12,3
DA:13,2
DA:16,1
DA:20,7
DA:21,7
DA:24,7
DA:26,6
DA:28,6
DA:30,5
DA:32,4
DA:33,2
DA:35,2
DA:37,1
DA:41,1
DA:42,1
DA:46,6
DA:47,6
DA:49,6
DA:50,5
DA:52,0
DA:54,0
DA:55,0
DA:57,0
DA:58,0
DA:61,1
DA:67,1
LF:33
LH:28
BRDA:12,0,0,2
BRDA:24,1,0,1
BRDA:28,2,0,1
BRDA:30,3,0,1
BRDA:32,4,0,2
BRDA:32,5,0,4
BRDA:32,5,1,2
BRDA:35,6,0,1
BRDA:41,7,0,0
BRDA:50,8,0,5
BRDA:52,9,0,0
BRDA:52,10,0,0
BRDA:52,10,1,0
BRDA:55,11,0,0
BRF:14
BRH:9
end_of_record
TN:
SF:src/services/enrollments-service/index.ts
FN:9,getAddressFromCEP
FN:35,getOneWithAddressByUserId
FN:51,getFirstAddress
FN:59,createOrUpdateEnrollmentWithAddress
FN:75,getAddressForUpsert
FNF:5
FNH:0
FNDA:0,getAddressFromCEP
FNDA:0,getOneWithAddressByUserId
FNDA:0,getFirstAddress
FNDA:0,createOrUpdateEnrollmentWithAddress
FNDA:0,getAddressForUpsert
DA:2,1
DA:3,1
DA:4,1
DA:5,1
DA:6,1
DA:10,0
DA:12,0
DA:13,0
DA:22,0
DA:24,0
DA:32,0
DA:36,0
DA:38,0
DA:40,0
DA:41,0
DA:43,0
DA:52,0
DA:54,0
DA:60,0
DA:61,0
DA:65,0
DA:66,0
DA:67,0
DA:70,0
DA:72,0
DA:76,0
DA:86,1
DA:92,1
LF:28
LH:7
BRDA:12,0,0,0
BRDA:38,1,0,0
BRDA:45,2,0,0
BRDA:45,2,1,0
BRDA:52,3,0,0
BRDA:66,4,0,0
BRDA:78,5,0,0
BRDA:78,5,1,0
BRF:8
BRH:0
end_of_record
TN:
SF:src/services/events-service/index.ts
FN:7,getFirstEvent
FN:16,isCurrentEventActive
FNF:2
FNH:0
FNDA:0,getFirstEvent
FNDA:0,isCurrentEventActive
DA:1,1
DA:2,1
DA:3,1
DA:5,1
DA:8,0
DA:9,0
DA:11,0
DA:17,0
DA:18,0
DA:20,0
DA:21,0
DA:22,0
DA:24,0
DA:27,1
DA:32,1
LF:15
LH:6
BRDA:9,0,0,0
BRDA:18,1,0,0
BRDA:24,2,0,0
BRDA:24,2,1,0
BRF:4
BRH:0
end_of_record
TN:
SF:src/services/hotel-service/index.ts
FN:7,getHoltel
FN:23,getHotelId
FNF:2
FNH:0
FNDA:0,getHoltel
FNDA:0,getHotelId
DA:1,1
DA:2,1
DA:3,1
DA:4,1
DA:5,1
DA:8,0
DA:9,0
DA:10,0
DA:12,0
DA:13,0
DA:15,0
DA:17,0
DA:18,0
DA:20,0
DA:24,0
DA:25,0
DA:27,0
DA:28,0
DA:30,0
DA:31,0
DA:33,0
DA:35,0
DA:36,0
DA:38,0
DA:41,1
DA:46,1
LF:26
LH:7
BRDA:10,0,0,0
BRDA:13,1,0,0
BRDA:15,2,0,0
BRDA:17,3,0,0
BRDA:17,4,0,0
BRDA:17,4,1,0
BRDA:25,5,0,0
BRDA:28,6,0,0
BRDA:31,7,0,0
BRDA:33,8,0,0
BRDA:35,9,0,0
BRDA:35,10,0,0
BRDA:35,10,1,0
BRF:13
BRH:0
end_of_record
TN:
SF:src/services/payments-service/index.ts
FN:6,verifyTicketAndEnrollment
FN:19,getPaymentByTicketId
FN:30,paymentProcess
FNF:3
FNH:0
FNDA:0,verifyTicketAndEnrollment
FNDA:0,getPaymentByTicketId
FNDA:0,paymentProcess
DA:1,1
DA:2,1
DA:3,1
DA:4,1
DA:7,0
DA:9,0
DA:10,0
DA:12,0
DA:14,0
DA:15,0
DA:20,0
DA:22,0
DA:24,0
DA:25,0
DA:27,0
DA:31,0
DA:33,0
DA:35,0
DA:42,0
DA:44,0
DA:46,0
DA:57,1
DA:62,1
LF:23
LH:6
BRDA:9,0,0,0
BRDA:14,1,0,0
BRDA:24,2,0,0
BRF:3
BRH:0
end_of_record
TN:
SF:src/services/tickets-service/index.ts
FN:6,getTicketTypes
FN:15,getTicketByUserId
FN:28,createTicket
FNF:3
FNH:0
FNDA:0,getTicketTypes
FNDA:0,getTicketByUserId
FNDA:0,createTicket
DA:1,1
DA:2,1
DA:3,1
DA:4,1
DA:7,0
DA:9,0
DA:10,0
DA:12,0
DA:16,0
DA:17,0
DA:18,0
DA:20,0
DA:21,0
DA:22,0
DA:25,0
DA:29,0
DA:30,0
DA:31,0
DA:34,0
DA:40,0
DA:42,0
DA:44,0
DA:47,1
DA:53,1
LF:24
LH:6
BRDA:9,0,0,0
BRDA:17,1,0,0
BRDA:21,2,0,0
BRDA:30,3,0,0
BRF:4
BRH:0
end_of_record
TN:
SF:src/services/users-service/errors.ts
FN:3,duplicatedEmailError
FNF:1
FNH:0
FNDA:0,duplicatedEmailError
DA:3,1
DA:4,0
LF:2
LH:1
BRF:0
BRH:0
end_of_record
TN:
SF:src/services/users-service/index.ts
FN:8,createUser
FN:20,validateUniqueEmailOrFail
FN:27,canEnrollOrFail
FNF:3
FNH:0
FNDA:0,createUser
FNDA:0,validateUniqueEmailOrFail
FNDA:0,canEnrollOrFail
DA:1,1
DA:2,1
DA:4,1
DA:5,1
DA:6,1
DA:8,1
DA:9,0
DA:11,0
DA:13,0
DA:14,0
DA:21,0
DA:22,0
DA:23,0
DA:28,0
DA:29,0
DA:30,0
DA:36,1
DA:40,1
DA:41,1
LF:19
LH:9
BRDA:22,0,0,0
BRDA:29,1,0,0
BRF:2
BRH:0
end_of_record
TN:
SF:src/utils/cep-service.ts
FN:4,getAddress
FNF:1
FNH:0
FNDA:0,getAddress
DA:2,1
DA:5,0
DA:6,0
DA:10,1
LF:4
LH:2
BRF:0
BRH:0
end_of_record
TN:
SF:src/utils/prisma-utils.ts
FN:1,exclude
FNF:1
FNH:0
FNDA:0,exclude
DA:1,1
DA:2,0
DA:3,0
DA:4,0
DA:6,0
LF:5
LH:1
BRF:0
BRH:0
end_of_record
TN:
SF:src/utils/request.ts
FN:4,get
FNF:1
FNH:0
FNDA:0,get
DA:1,1
DA:2,1
DA:5,0
DA:6,0
DA:7,0
DA:12,0
DA:14,0
DA:18,1
LF:8
LH:3
BRF:0
BRH:0
end_of_record
TN:
SF:tests/helpers.ts
FN:8,cleanDb
FN:22,generateValidToken
FNF:2
FNH:2
FNDA:26,cleanDb
FNDA:17,generateValidToken
DA:1,1
DA:4,1
DA:5,1
DA:6,1
DA:8,1
DA:9,26
DA:10,26
DA:11,26
DA:12,26
DA:13,26
DA:14,26
DA:15,26
DA:16,26
DA:17,26
DA:18,26
DA:19,26
DA:22,1
DA:23,17
DA:24,17
DA:26,17
DA:28,17
LF:21
LH:21
BRDA:23,0,0,17
BRDA:23,0,1,0
BRF:2
BRH:1
end_of_record
TN:
SF:tests/factories/booking-factory.ts
FN:3,createBooking
FNF:1
FNH:1
FNDA:11,createBooking
DA:1,1
DA:3,1
DA:4,11
LF:3
LH:3
BRF:0
BRH:0
end_of_record
TN:
SF:tests/factories/enrollments-factory.ts
FN:8,createEnrollmentWithAddress
FN:35,createhAddressWithCEP
FNF:2
FNH:1
FNDA:10,createEnrollmentWithAddress
FNDA:0,createhAddressWithCEP
DA:1,1
DA:2,1
DA:5,1
DA:6,1
DA:8,1
DA:9,10
DA:11,10
DA:35,1
DA:36,0
LF:9
LH:8
BRDA:9,0,0,10
BRDA:9,0,1,0
BRF:2
BRH:1
end_of_record
TN:
SF:tests/factories/events-factory.ts
FN:6,createEvent
FNF:1
FNH:0
FNDA:0,createEvent
DA:1,1
DA:2,1
DA:4,1
DA:6,1
DA:7,0
LF:5
LH:4
BRDA:6,0,0,0
BRDA:9,1,0,0
BRDA:9,1,1,0
BRDA:10,2,0,0
BRDA:10,2,1,0
BRDA:11,3,0,0
BRDA:11,3,1,0
BRDA:12,4,0,0
BRDA:12,4,1,0
BRDA:13,5,0,0
BRDA:13,5,1,0
BRF:11
BRH:0
end_of_record
TN:
SF:tests/factories/hotel-factory.ts
FN:4,createHotel
FN:14,createRoom
FNF:2
FNH:1
FNDA:9,createHotel
FNDA:0,createRoom
DA:1,1
DA:2,1
DA:4,1
DA:5,9
DA:14,1
DA:15,0
LF:6
LH:5
BRF:0
BRH:0
end_of_record
TN:
SF:tests/factories/index.ts
FNF:0
FNH:0
DA:1,1
DA:2,1
DA:3,1
DA:4,1
DA:5,1
DA:6,1
DA:7,1
DA:8,1
DA:9,1
LF:9
LH:9
BRF:0
BRH:0
end_of_record
TN:
SF:tests/factories/payments-factory.ts
FN:4,createPayment
FN:15,generateCreditCardData
FNF:2
FNH:0
FNDA:0,createPayment
FNDA:0,generateCreditCardData
DA:1,1
DA:2,1
DA:4,1
DA:5,0
DA:15,1
DA:16,0
DA:18,0
LF:7
LH:4
BRF:0
BRH:0
end_of_record
TN:
SF:tests/factories/room-factory.ts
FN:4,createRoomHotel
FN:14,thereIsBooking
FNF:2
FNH:2
FNDA:3,createRoomHotel
FNDA:7,thereIsBooking
DA:1,1
DA:2,1
DA:4,1
DA:5,3
DA:14,1
DA:15,7
LF:6
LH:6
BRF:0
BRH:0
end_of_record
TN:
SF:tests/factories/sessions-factory.ts
FN:5,createSession
FNF:1
FNH:1
FNDA:17,createSession
DA:2,1
DA:3,1
DA:5,1
DA:6,17
DA:8,17
LF:5
LH:5
BRF:0
BRH:0
end_of_record
TN:
SF:tests/factories/tickets-factory.ts
FN:5,createTicketType
FN:16,createTicketWithHotel
FN:27,createTicketWithoutHotel
FN:38,createTicketType1
FN:49,createTicketTypeInvalid
FN:60,createTicket
FNF:6
FNH:4
FNDA:6,createTicketType
FNDA:3,createTicketWithHotel
FNDA:1,createTicketWithoutHotel
FNDA:0,createTicketType1
FNDA:0,createTicketTypeInvalid
FNDA:9,createTicket
DA:1,1
DA:2,1
DA:5,1
DA:6,6
DA:16,1
DA:17,3
DA:27,1
DA:28,1
DA:38,1
DA:39,0
DA:49,1
DA:50,0
DA:60,1
DA:61,9
LF:14
LH:12
BRF:0
BRH:0
end_of_record
TN:
SF:tests/factories/users-factory.ts
FN:6,createUser
FNF:1
FNH:1
FNDA:42,createUser
DA:1,1
DA:2,1
DA:4,1
DA:6,1
DA:7,42
DA:8,42
DA:10,42
LF:7
LH:7
BRDA:6,0,0,42
BRDA:7,1,0,42
BRDA:7,1,1,42
BRDA:12,2,0,42
BRDA:12,2,1,42
BRF:5
BRH:5
end_of_record
